2026-07-17 20:55:02,011  INFO [extract.py:209] dim_driver watermark (joined_at): 2026-07-17 14:39:51.032401
2026-07-17 20:55:02,015  INFO [extract.py:13] Extracted 0 from the table
2026-07-17 20:55:02,018  INFO [extract.py:209] dim_passenger watermark (created_at): 2026-07-17 14:39:51.032401
2026-07-17 20:55:02,020  INFO [extract.py:13] Extracted 0 from the table
2026-07-17 20:55:02,020  INFO [load.py:21] 0 inserted to dim_driver
2026-07-17 20:55:02,020  INFO [load.py:44] 0 inserted to dim_passenger
2026-07-17 20:55:02,022  INFO [extract.py:13] Extracted 30 from the table
2026-07-17 20:55:02,032  INFO [load.py:94] 0 inserted to dim_vehicle
2026-07-17 20:55:02,037  INFO [extract.py:13] Extracted 25 from the table
2026-07-17 20:55:02,044  INFO [load.py:69] 0 inserted to dim_location
2026-07-17 20:55:02,045  INFO [extract.py:13] Extracted 7 from the table
2026-07-17 20:55:02,047  INFO [load.py:115] 0 inserted to dim_payment_method
2026-07-17 20:55:02,051  INFO [extract.py:13] Extracted 10 from the table
2026-07-17 20:55:02,053  INFO [load.py:138] 0 inserted to dim_promo_code
2026-07-17 20:55:02,054  INFO [pipeline.py:132] Dimention table load completed on 0.05s
2026-07-17 20:55:02,054  INFO [extract.py:168] Loading lookup table into memmory
2026-07-17 20:55:02,066  INFO [pipeline.py:137] Lookup table extraction completed on 0.01s
2026-07-17 20:55:02,095  INFO [extract.py:209] fact_trips watermark (requested_at): 2026-06-29 21:53:01
2026-07-17 20:55:02,098  INFO [extract.py:13] Extracted 20 from the table
2026-07-17 20:55:02,098  INFO [pipeline.py:145] Trip extraction  completed on 0.03s
2026-07-17 20:55:02,099  INFO [transform.py:108] Transformed 20 rows, skipped 0
2026-07-17 20:55:02,099  INFO [pipeline.py:149] Transformation completed on 0.00s
2026-07-17 20:55:02,099  INFO [quality.py:124] Quality gate passed: 20 rows, 5 checks
2026-07-17 20:55:02,099  INFO [pipeline.py:154] Quality Check completed on 0.00s
2026-07-17 20:55:02,138  INFO [load.py:184] 20 inserted to fact_trips
2026-07-17 20:55:02,139  INFO [pipeline.py:159] Trip table load completed on 0.04s
